<?xml version="1.0" encoding="UTF-8" ?>
<testsuite tests="7" failures="0" name="Dao.PersonDaoImplTest" time="3.294" errors="0" skipped="0">
  <properties>
    <property name="idea.version" value="2021.3.2"/>
    <property name="java.runtime.name" value="OpenJDK Runtime Environment"/>
    <property name="java.vm.version" value="11+28"/>
    <property name="sun.boot.library.path" value="D:\Java\jdk-11\bin"/>
    <property name="maven.multiModuleProjectDirectory" value="D:\home-work\homework3"/>
    <property name="java.vm.vendor" value="Oracle Corporation"/>
    <property name="java.vendor.url" value="http://java.oracle.com/"/>
    <property name="guice.disable.misplaced.annotation.check" value="true"/>
    <property name="path.separator" value=";"/>
    <property name="java.vm.name" value="OpenJDK 64-Bit Server VM"/>
    <property name="sun.os.patch.level" value=""/>
    <property name="user.script" value=""/>
    <property name="user.country" value="RU"/>
    <property name="sun.java.launcher" value="SUN_STANDARD"/>
    <property name="java.vm.specification.name" value="Java Virtual Machine Specification"/>
    <property name="user.dir" value="D:\home-work\homework3"/>
    <property name="java.vm.compressedOopsMode" value="32-bit"/>
    <property name="java.runtime.version" value="11+28"/>
    <property name="java.awt.graphicsenv" value="sun.awt.Win32GraphicsEnvironment"/>
    <property name="os.arch" value="amd64"/>
    <property name="java.io.tmpdir" value="C:\Users\Y50-70\AppData\Local\Temp\"/>
    <property name="line.separator" value="
"/>
    <property name="java.vm.specification.vendor" value="Oracle Corporation"/>
    <property name="user.variant" value=""/>
    <property name="os.name" value="Windows 10"/>
    <property name="maven.ext.class.path" value="D:\ideaIC-2021.3.2.win\plugins\maven\lib\maven-event-listener.jar"/>
    <property name="classworlds.conf" value="D:\ideaIC-2021.3.2.win\plugins\maven\lib\maven3\bin\m2.conf"/>
    <property name="sun.jnu.encoding" value="Cp1251"/>
    <property name="java.library.path" value="D:\Java\jdk-11\bin;C:\WINDOWS\Sun\Java\bin;C:\WINDOWS\system32;C:\WINDOWS;D:\java\jdk-11\bin;C:\WINDOWS\system32;C:\WINDOWS;C:\WINDOWS\System32\Wbem;C:\WINDOWS\System32\WindowsPowerShell\v1.0\;C:\WINDOWS\System32\OpenSSH\;C:\Program Files\Lenovo\Bluetooth Software\;C:\Program Files\Lenovo\Bluetooth Software\syswow64;D:\java\apache-maven-3.8.6\bin;D:\java\jdk-11\bin;C:\Program Files\Git\cmd;C:\Program Files (x86)\dotnet\;C:\Users\Y50-70\AppData\Local\Programs\Python\Python39\Scripts\;C:\Users\Y50-70\AppData\Local\Programs\Python\Python39\;C:\Users\Y50-70\AppData\Local\Programs\Microsoft VS Code\bin; D:\java\jdk-11; D:\java\jdk-11\bin; d:\work;D:\ideaIC-2021.3.2\bin;;C:\Users\Y50-70\AppData\Local\Microsoft\WindowsApps;C:\Users\Y50-70\AppData\Local\GitHubDesktop\bin;."/>
    <property name="maven.conf" value="D:\ideaIC-2021.3.2.win\plugins\maven\lib\maven3/conf"/>
    <property name="jdk.debug" value="release"/>
    <property name="java.class.version" value="55.0"/>
    <property name="java.specification.name" value="Java Platform API Specification"/>
    <property name="sun.management.compiler" value="HotSpot 64-Bit Tiered Compilers"/>
    <property name="os.version" value="10.0"/>
    <property name="user.home" value="C:\Users\Y50-70"/>
    <property name="user.timezone" value="Europe/Minsk"/>
    <property name="java.awt.printerjob" value="sun.awt.windows.WPrinterJob"/>
    <property name="file.encoding" value="UTF-8"/>
    <property name="java.specification.version" value="11"/>
    <property name="user.name" value="Bogdanovsky Dmitry"/>
    <property name="java.class.path" value="D:\ideaIC-2021.3.2.win\plugins\maven\lib\maven3\boot\plexus-classworlds-2.6.0.jar;D:\ideaIC-2021.3.2.win\plugins\maven\lib\maven3\boot\plexus-classworlds.license"/>
    <property name="java.vm.specification.version" value="11"/>
    <property name="sun.arch.data.model" value="64"/>
    <property name="sun.java.command" value="org.codehaus.classworlds.Launcher -Didea.version=2021.3.2 clean test"/>
    <property name="java.home" value="D:\Java\jdk-11"/>
    <property name="user.language" value="ru"/>
    <property name="java.specification.vendor" value="Oracle Corporation"/>
    <property name="awt.toolkit" value="sun.awt.windows.WToolkit"/>
    <property name="java.vm.info" value="mixed mode"/>
    <property name="java.version" value="11"/>
    <property name="java.vendor" value="Oracle Corporation"/>
    <property name="maven.home" value="D:\ideaIC-2021.3.2.win\plugins\maven\lib\maven3"/>
    <property name="file.separator" value="\"/>
    <property name="java.version.date" value="2018-09-25"/>
    <property name="java.vendor.url.bug" value="http://bugreport.java.com/bugreport/"/>
    <property name="sun.io.unicode.encoding" value="UnicodeLittle"/>
    <property name="sun.cpu.endian" value="little"/>
    <property name="java.vendor.version" value="18.9"/>
    <property name="sun.desktop" value="windows"/>
    <property name="sun.cpu.isalist" value="amd64"/>
  </properties>
  <testcase classname="Dao.PersonDaoImplTest" name="create" time="3.206"/>
  <testcase classname="Dao.PersonDaoImplTest" name="delete" time="0.026"/>
  <testcase classname="Dao.PersonDaoImplTest" name="update" time="0.019"/>
  <testcase classname="Dao.PersonDaoImplTest" name="loadByIdThrowException" time="0.011"/>
  <testcase classname="Dao.PersonDaoImplTest" name="getById" time="0.005"/>
  <testcase classname="Dao.PersonDaoImplTest" name="readAll" time="0.022"/>
  <testcase classname="Dao.PersonDaoImplTest" name="loadById" time="0.005"/>
</testsuite>